The system is: Windows - 10.0.19042 - AMD64
Compiling the CXX compiler identification source file "CMakeCXXCompilerId.cpp" succeeded.
Compiler: C:/Program Files (x86)/Microsoft Visual Studio/2017/Community/VC/Tools/MSVC/14.16.27023/bin/HostX64/x64/cl.exe 
Build flags: 
Id flags:  

The output was:
0
用于 x64 的 Microsoft (R) C/C++ 优化编译器 19.16.27045 版
版权所有(C) Microsoft Corporation。保留所有权利。

CMakeCXXCompilerId.cpp
Microsoft (R) Incremental Linker Version 14.16.27045.0
Copyright (C) Microsoft Corporation.  All rights reserved.

/out:CMakeCXXCompilerId.exe 
CMakeCXXCompilerId.obj 


Compilation of the CXX compiler identification source "CMakeCXXCompilerId.cpp" produced "CMakeCXXCompilerId.exe"

Compilation of the CXX compiler identification source "CMakeCXXCompilerId.cpp" produced "CMakeCXXCompilerId.obj"

The CXX compiler identification is MSVC, found in "E:/project/myPrj/SUTL/build/build-src-msvc64_5_13_2-Debug/CMakeFiles/3.21.0-rc3/CompilerIdCXX/CMakeCXXCompilerId.exe"

Detecting CXX compiler ABI info compiled with the following output:
Change Dir: E:/project/myPrj/SUTL/build/build-src-msvc64_5_13_2-Debug/CMakeFiles/CMakeTmp

Run Build Command(s):jom -f Makefile /nologo cmTC_cc85f\fast && jom: parallel job execution disabled for Makefile
	E:\program\Qt\Qt5_14_2\Tools\QtCreator\bin\jom.exe  -f CMakeFiles\cmTC_cc85f.dir\build.make /nologo -L CMakeFiles\cmTC_cc85f.dir\build
Building CXX object CMakeFiles/cmTC_cc85f.dir/CMakeCXXCompilerABI.cpp.obj
	E:\program\cmake-3.21.0-rc3-windows-x86_64\bin\cmake.exe -E cmake_cl_compile_depends --dep-file=CMakeFiles\cmTC_cc85f.dir\CMakeCXXCompilerABI.cpp.obj.d --working-dir=E:\project\myPrj\SUTL\build\build-src-msvc64_5_13_2-Debug\CMakeFiles\CMakeTmp --filter-prefix="扅鶓??: ???畱??劘?  " -- C:\PROGRA~2\MICROS~2\2017\COMMUN~1\VC\Tools\MSVC\1416~1.270\bin\HostX64\x64\cl.exe @C:\Users\chaoguo\AppData\Local\Temp\CMakeCXXCompilerABI.cpp.obj.17516.0.jom
CMakeCXXCompilerABI.cpp
?鈷? 鍖呭惈鏂囦欢:  e:\program\cmake-3.21.0-rc3-windows-x86_64\share\cmake-3.21\modules\CMakeCompilerABI.h
Linking CXX executable cmTC_cc85f.exe
	E:\program\cmake-3.21.0-rc3-windows-x86_64\bin\cmake.exe -E vs_link_exe --intdir=CMakeFiles\cmTC_cc85f.dir --rc=C:\PROGRA~2\WI3CF2~1\10\bin\100177~1.0\x64\rc.exe --mt=C:\PROGRA~2\WI3CF2~1\10\bin\100177~1.0\x64\mt.exe --manifests -- C:\PROGRA~2\MICROS~2\2017\COMMUN~1\VC\Tools\MSVC\1416~1.270\bin\Hostx64\x64\link.exe /nologo @CMakeFiles\cmTC_cc85f.dir\objects1.rsp @C:\Users\chaoguo\AppData\Local\Temp\cmTC_cc85f.exe.17516.344.jom



